The system is: Windows - 10.0.22621 - AMD64
Compiling the C compiler identification source file "CMakeCCompilerId.c" succeeded.
Compiler: C:/Users/joyce/AppData/Local/JetBrains/Toolbox/apps/CLion/ch-0/223.8617.54/bin/mingw/bin/gcc.exe 
Build flags: 
Id flags:  

The output was:
0


Compilation of the C compiler identification source "CMakeCCompilerId.c" produced "a.exe"

The C compiler identification is GNU, found in "C:/Users/joyce/Documents/Code/C++/InClassBrian/PROG2400-700-Lectures/cmake-build-debug/CMakeFiles/3.24.2/CompilerIdC/a.exe"

Compiling the CXX compiler identification source file "CMakeCXXCompilerId.cpp" succeeded.
Compiler: C:/Users/joyce/AppData/Local/JetBrains/Toolbox/apps/CLion/ch-0/223.8617.54/bin/mingw/bin/g++.exe 
Build flags: 
Id flags:  

The output was:
0


Compilation of the CXX compiler identification source "CMakeCXXCompilerId.cpp" produced "a.exe"

The CXX compiler identification is GNU, found in "C:/Users/joyce/Documents/Code/C++/InClassBrian/PROG2400-700-Lectures/cmake-build-debug/CMakeFiles/3.24.2/CompilerIdCXX/a.exe"

Determining if the C compiler works passed with the following output:
Change Dir: C:/Users/joyce/Documents/Code/C++/InClassBrian/PROG2400-700-Lectures/cmake-build-debug/CMakeFiles/CMakeTmp

Run Build Command(s):C:/Users/joyce/AppData/Local/JetBrains/Toolbox/apps/CLion/ch-0/223.8617.54/bin/mingw/bin/mingw32-make.exe -f Makefile cmTC_6a294/fast && C:/Users/joyce/AppData/Local/JetBrains/Toolbox/apps/CLion/ch-0/223.8617.54/bin/mingw/bin/mingw32-make.exe  -f CMakeFiles\cmTC_6a294.dir\build.make CMakeFiles/cmTC_6a294.dir/build
mingw32-make[1]: Entering directory 'C:/Users/joyce/Documents/Code/C++/InClassBrian/PROG2400-700-Lectures/cmake-build-debug/CMakeFiles/CMakeTmp'
Building C object CMakeFiles/cmTC_6a294.dir/testCCompiler.c.obj
C:\Users\joyce\AppData\Local\JetBrains\Toolbox\apps\CLion\ch-0\223.8617.54\bin\mingw\bin\gcc.exe   -fdiagnostics-color=always -o CMakeFiles\cmTC_6a294.dir\testCCompiler.c.obj -c C:\Users\joyce\Documents\Code\C++\InClassBrian\PROG2400-700-Lectures\cmake-build-debug\CMakeFiles\CMakeTmp\testCCompiler.c
Linking C executable cmTC_6a294.exe
C:\Users\joyce\AppData\Local\JetBrains\Toolbox\apps\CLion\ch-0\223.8617.54\bin\cmake\win\x64\bin\cmake.exe -E cmake_link_script CMakeFiles\cmTC_6a294.dir\link.txt --verbose=1
C:\Users\joyce\AppData\Local\JetBrains\Toolbox\apps\CLion\ch-0\223.8617.54\bin\cmake\win\x64\bin\cmake.exe -E rm -f CMakeFiles\cmTC_6a294.dir/objects.a
C:\Users\joyce\AppData\Local\JetBrains\Toolbox\apps\CLion\ch-0\223.8617.54\bin\mingw\bin\ar.exe qc CMakeFiles\cmTC_6a294.dir/objects.a @CMakeFiles\cmTC_6a294.dir\objects1.rsp
C:\Users\joyce\AppData\Local\JetBrains\Toolbox\apps\CLion\ch-0\223.8617.54\bin\mingw\bin\gcc.exe -Wl,--whole-archive CMakeFiles\cmTC_6a294.dir/objects.a -Wl,--no-whole-archive -o cmTC_6a294.exe -Wl,--out-implib,libcmTC_6a294.dll.a -Wl,--major-image-version,0,--minor-image-version,0 @CMakeFiles\cmTC_6a294.dir\linklibs.rsp
mingw32-make[1]: Leaving directory 'C:/Users/joyce/Documents/Code/C++/InClassBrian/PROG2400-700-Lectures/cmake-build-debug/CMakeFiles/CMakeTmp'



Determining if the CXX compiler works passed with the following output:
Change Dir: C:/Users/joyce/Documents/Code/C++/InClassBrian/PROG2400-700-Lectures/cmake-build-debug/CMakeFiles/CMakeTmp

Run Build Command(s):C:/Users/joyce/AppData/Local/JetBrains/Toolbox/apps/CLion/ch-0/223.8617.54/bin/mingw/bin/mingw32-make.exe -f Makefile cmTC_4d521/fast && C:/Users/joyce/AppData/Local/JetBrains/Toolbox/apps/CLion/ch-0/223.8617.54/bin/mingw/bin/mingw32-make.exe  -f CMakeFiles\cmTC_4d521.dir\build.make CMakeFiles/cmTC_4d521.dir/build
mingw32-make[1]: Entering directory 'C:/Users/joyce/Documents/Code/C++/InClassBrian/PROG2400-700-Lectures/cmake-build-debug/CMakeFiles/CMakeTmp'
Building CXX object CMakeFiles/cmTC_4d521.dir/testCXXCompiler.cxx.obj
C:\Users\joyce\AppData\Local\JetBrains\Toolbox\apps\CLion\ch-0\223.8617.54\bin\mingw\bin\g++.exe   -fdiagnostics-color=always -o CMakeFiles\cmTC_4d521.dir\testCXXCompiler.cxx.obj -c C:\Users\joyce\Documents\Code\C++\InClassBrian\PROG2400-700-Lectures\cmake-build-debug\CMakeFiles\CMakeTmp\testCXXCompiler.cxx
Linking CXX executable cmTC_4d521.exe
C:\Users\joyce\AppData\Local\JetBrains\Toolbox\apps\CLion\ch-0\223.8617.54\bin\cmake\win\x64\bin\cmake.exe -E cmake_link_script CMakeFiles\cmTC_4d521.dir\link.txt --verbose=1
C:\Users\joyce\AppData\Local\JetBrains\Toolbox\apps\CLion\ch-0\223.8617.54\bin\cmake\win\x64\bin\cmake.exe -E rm -f CMakeFiles\cmTC_4d521.dir/objects.a
C:\Users\joyce\AppData\Local\JetBrains\Toolbox\apps\CLion\ch-0\223.8617.54\bin\mingw\bin\ar.exe qc CMakeFiles\cmTC_4d521.dir/objects.a @CMakeFiles\cmTC_4d521.dir\objects1.rsp
C:\Users\joyce\AppData\Local\JetBrains\Toolbox\apps\CLion\ch-0\223.8617.54\bin\mingw\bin\g++.exe -Wl,--whole-archive CMakeFiles\cmTC_4d521.dir/objects.a -Wl,--no-whole-archive -o cmTC_4d521.exe -Wl,--out-implib,libcmTC_4d521.dll.a -Wl,--major-image-version,0,--minor-image-version,0 @CMakeFiles\cmTC_4d521.dir\linklibs.rsp
mingw32-make[1]: Leaving directory 'C:/Users/joyce/Documents/Code/C++/InClassBrian/PROG2400-700-Lectures/cmake-build-debug/CMakeFiles/CMakeTmp'



